This is pdfTeX, Version 3.14159265-2.6-1.40.18 (TeX Live 2017/Debian) (preloaded format=pdflatex 2018.12.2)  10 DEC 2018 20:56
entering extended mode
 restricted \write18 enabled.
 %&-line parsing enabled.
**MainFile.tex
(./MainFile.tex
LaTeX2e <2017-04-15>
Babel <3.18> and hyphenation patterns for 84 language(s) loaded.
(/usr/share/texlive/texmf-dist/tex/latex/base/article.cls
Document Class: article 2014/09/29 v1.4h Standard LaTeX document class
(/usr/share/texlive/texmf-dist/tex/latex/base/size12.clo
File: size12.clo 2014/09/29 v1.4h Standard LaTeX file (size option)
)
\c@part=\count79
\c@section=\count80
\c@subsection=\count81
\c@subsubsection=\count82
\c@paragraph=\count83
\c@subparagraph=\count84
\c@figure=\count85
\c@table=\count86
\abovecaptionskip=\skip41
\belowcaptionskip=\skip42
\bibindent=\dimen102
)
(/usr/share/texlive/texmf-dist/tex/latex/graphics/graphicx.sty
Package: graphicx 2017/06/01 v1.1a Enhanced LaTeX Graphics (DPC,SPQR)

(/usr/share/texlive/texmf-dist/tex/latex/graphics/keyval.sty
Package: keyval 2014/10/28 v1.15 key=value parser (DPC)
\KV@toks@=\toks14
)
(/usr/share/texlive/texmf-dist/tex/latex/graphics/graphics.sty
Package: graphics 2017/06/25 v1.2c Standard LaTeX Graphics (DPC,SPQR)

(/usr/share/texlive/texmf-dist/tex/latex/graphics/trig.sty
Package: trig 2016/01/03 v1.10 sin cos tan (DPC)
)
(/usr/share/texlive/texmf-dist/tex/latex/graphics-cfg/graphics.cfg
File: graphics.cfg 2016/06/04 v1.11 sample graphics configuration
)
Package graphics Info: Driver file: pdftex.def on input line 99.

(/usr/share/texlive/texmf-dist/tex/latex/graphics-def/pdftex.def
File: pdftex.def 2018/01/08 v1.0l Graphics/color driver for pdftex
))
\Gin@req@height=\dimen103
\Gin@req@width=\dimen104
)
(/usr/share/texlive/texmf-dist/tex/latex/url/url.sty
\Urlmuskip=\muskip10
Package: url 2013/09/16  ver 3.4  Verb mode for urls, etc.
)
(/usr/share/texlive/texmf-dist/tex/latex/hyperref/hyperref.sty
Package: hyperref 2018/02/06 v6.86b Hypertext links for LaTeX

(/usr/share/texlive/texmf-dist/tex/generic/oberdiek/hobsub-hyperref.sty
Package: hobsub-hyperref 2016/05/16 v1.14 Bundle oberdiek, subset hyperref (HO)


(/usr/share/texlive/texmf-dist/tex/generic/oberdiek/hobsub-generic.sty
Package: hobsub-generic 2016/05/16 v1.14 Bundle oberdiek, subset generic (HO)
Package: hobsub 2016/05/16 v1.14 Construct package bundles (HO)
Package: infwarerr 2016/05/16 v1.4 Providing info/warning/error messages (HO)
Package: ltxcmds 2016/05/16 v1.23 LaTeX kernel commands for general use (HO)
Package: ifluatex 2016/05/16 v1.4 Provides the ifluatex switch (HO)
Package ifluatex Info: LuaTeX not detected.
Package: ifvtex 2016/05/16 v1.6 Detect VTeX and its facilities (HO)
Package ifvtex Info: VTeX not detected.
Package: intcalc 2016/05/16 v1.2 Expandable calculations with integers (HO)
Package: ifpdf 2017/03/15 v3.2 Provides the ifpdf switch
Package: etexcmds 2016/05/16 v1.6 Avoid name clashes with e-TeX commands (HO)
Package etexcmds Info: Could not find \expanded.
(etexcmds)             That can mean that you are not using pdfTeX 1.50 or
(etexcmds)             that some package has redefined \expanded.
(etexcmds)             In the latter case, load this package earlier.
Package: kvsetkeys 2016/05/16 v1.17 Key value parser (HO)
Package: kvdefinekeys 2016/05/16 v1.4 Define keys (HO)
Package: pdftexcmds 2018/01/21 v0.26 Utility functions of pdfTeX for LuaTeX (HO
)
Package pdftexcmds Info: LuaTeX not detected.
Package pdftexcmds Info: \pdf@primitive is available.
Package pdftexcmds Info: \pdf@ifprimitive is available.
Package pdftexcmds Info: \pdfdraftmode found.
Package: pdfescape 2016/05/16 v1.14 Implements pdfTeX's escape features (HO)
Package: bigintcalc 2016/05/16 v1.4 Expandable calculations on big integers (HO
)
Package: bitset 2016/05/16 v1.2 Handle bit-vector datatype (HO)
Package: uniquecounter 2016/05/16 v1.3 Provide unlimited unique counter (HO)
)
Package hobsub Info: Skipping package `hobsub' (already loaded).
Package: letltxmacro 2016/05/16 v1.5 Let assignment for LaTeX macros (HO)
Package: hopatch 2016/05/16 v1.3 Wrapper for package hooks (HO)
Package: xcolor-patch 2016/05/16 xcolor patch
Package: atveryend 2016/05/16 v1.9 Hooks at the very end of document (HO)
Package atveryend Info: \enddocument detected (standard20110627).
Package: atbegshi 2016/06/09 v1.18 At begin shipout hook (HO)
Package: refcount 2016/05/16 v3.5 Data extraction from label references (HO)
Package: hycolor 2016/05/16 v1.8 Color options for hyperref/bookmark (HO)
)
(/usr/share/texlive/texmf-dist/tex/generic/ifxetex/ifxetex.sty
Package: ifxetex 2010/09/12 v0.6 Provides ifxetex conditional
)
(/usr/share/texlive/texmf-dist/tex/latex/oberdiek/auxhook.sty
Package: auxhook 2016/05/16 v1.4 Hooks for auxiliary files (HO)
)
(/usr/share/texlive/texmf-dist/tex/latex/oberdiek/kvoptions.sty
Package: kvoptions 2016/05/16 v3.12 Key value format for package options (HO)
)
\@linkdim=\dimen105
\Hy@linkcounter=\count87
\Hy@pagecounter=\count88

(/usr/share/texlive/texmf-dist/tex/latex/hyperref/pd1enc.def
File: pd1enc.def 2018/02/06 v6.86b Hyperref: PDFDocEncoding definition (HO)
)
\Hy@SavedSpaceFactor=\count89

(/usr/share/texlive/texmf-dist/tex/latex/latexconfig/hyperref.cfg
File: hyperref.cfg 2002/06/06 v1.2 hyperref configuration of TeXLive
)
Package hyperref Info: Option `bookmarks' set `true' on input line 4383.
Package hyperref Info: Option `colorlinks' set `false' on input line 4383.
Package hyperref Info: Hyper figures OFF on input line 4509.
Package hyperref Info: Link nesting OFF on input line 4514.
Package hyperref Info: Hyper index ON on input line 4517.
Package hyperref Info: Plain pages OFF on input line 4524.
Package hyperref Info: Backreferencing OFF on input line 4529.
Package hyperref Info: Implicit mode ON; LaTeX internals redefined.
Package hyperref Info: Bookmarks ON on input line 4762.
\c@Hy@tempcnt=\count90
LaTeX Info: Redefining \url on input line 5115.
\XeTeXLinkMargin=\dimen106
\Fld@menulength=\count91
\Field@Width=\dimen107
\Fld@charsize=\dimen108
Package hyperref Info: Hyper figures OFF on input line 6369.
Package hyperref Info: Link nesting OFF on input line 6374.
Package hyperref Info: Hyper index ON on input line 6377.
Package hyperref Info: backreferencing OFF on input line 6384.
Package hyperref Info: Link coloring OFF on input line 6389.
Package hyperref Info: Link coloring with OCG OFF on input line 6394.
Package hyperref Info: PDF/A mode OFF on input line 6399.
LaTeX Info: Redefining \ref on input line 6439.
LaTeX Info: Redefining \pageref on input line 6443.
\Hy@abspage=\count92
\c@Item=\count93
\c@Hfootnote=\count94
)
Package hyperref Info: Driver (autodetected): hpdftex.

(/usr/share/texlive/texmf-dist/tex/latex/hyperref/hpdftex.def
File: hpdftex.def 2018/02/06 v6.86b Hyperref driver for pdfTeX
\Fld@listcount=\count95
\c@bookmark@seq@number=\count96

(/usr/share/texlive/texmf-dist/tex/latex/oberdiek/rerunfilecheck.sty
Package: rerunfilecheck 2016/05/16 v1.8 Rerun checks for auxiliary files (HO)
Package uniquecounter Info: New unique counter `rerunfilecheck' on input line 2
82.
)
\Hy@SectionHShift=\skip43
)
(/usr/share/texlive/texmf-dist/tex/latex/lipsum/lipsum.sty
Package: lipsum 2014/07/27 v1.3 150 paragraphs of Lorem Ipsum dummy text
\c@lips@count=\count97
)
(/usr/share/texlive/texmf-dist/tex/latex/geometry/geometry.sty
Package: geometry 2010/09/12 v5.6 Page Geometry
\Gm@cnth=\count98
\Gm@cntv=\count99
\c@Gm@tempcnt=\count100
\Gm@bindingoffset=\dimen109
\Gm@wd@mp=\dimen110
\Gm@odd@mp=\dimen111
\Gm@even@mp=\dimen112
\Gm@layoutwidth=\dimen113
\Gm@layoutheight=\dimen114
\Gm@layouthoffset=\dimen115
\Gm@layoutvoffset=\dimen116
\Gm@dimlist=\toks15
)
(/usr/share/texlive/texmf-dist/tex/latex/float/float.sty
Package: float 2001/11/08 v1.3d Float enhancements (AL)
\c@float@type=\count101
\float@exts=\toks16
\float@box=\box26
\@float@everytoks=\toks17
\@floatcapt=\box27
)
(/usr/share/texlive/texmf-dist/tex/latex/listings/listings.sty
\lst@mode=\count102
\lst@gtempboxa=\box28
\lst@token=\toks18
\lst@length=\count103
\lst@currlwidth=\dimen117
\lst@column=\count104
\lst@pos=\count105
\lst@lostspace=\dimen118
\lst@width=\dimen119
\lst@newlines=\count106
\lst@lineno=\count107
\lst@maxwidth=\dimen120

(/usr/share/texlive/texmf-dist/tex/latex/listings/lstmisc.sty
File: lstmisc.sty 2015/06/04 1.6 (Carsten Heinz)
\c@lstnumber=\count108
\lst@skipnumbers=\count109
\lst@framebox=\box29
)
(/usr/share/texlive/texmf-dist/tex/latex/listings/listings.cfg
File: listings.cfg 2015/06/04 1.6 listings configuration
))
Package: listings 2015/06/04 1.6 (Carsten Heinz)

(/usr/share/texlive/texmf-dist/tex/latex/graphics/color.sty
Package: color 2016/07/10 v1.1e Standard LaTeX Color (DPC)

(/usr/share/texlive/texmf-dist/tex/latex/graphics-cfg/color.cfg
File: color.cfg 2016/01/02 v1.6 sample color configuration
)
Package color Info: Driver file: pdftex.def on input line 147.
)
(/usr/share/texlive/texmf-dist/tex/latex/listings/lstlang1.sty
File: lstlang1.sty 2015/06/04 1.6 listings language file
) (./MainFile.aux)
\openout1 = `MainFile.aux'.

LaTeX Font Info:    Checking defaults for OML/cmm/m/it on input line 35.
LaTeX Font Info:    ... okay on input line 35.
LaTeX Font Info:    Checking defaults for T1/cmr/m/n on input line 35.
LaTeX Font Info:    ... okay on input line 35.
LaTeX Font Info:    Checking defaults for OT1/cmr/m/n on input line 35.
LaTeX Font Info:    ... okay on input line 35.
LaTeX Font Info:    Checking defaults for OMS/cmsy/m/n on input line 35.
LaTeX Font Info:    ... okay on input line 35.
LaTeX Font Info:    Checking defaults for OMX/cmex/m/n on input line 35.
LaTeX Font Info:    ... okay on input line 35.
LaTeX Font Info:    Checking defaults for U/cmr/m/n on input line 35.
LaTeX Font Info:    ... okay on input line 35.
LaTeX Font Info:    Checking defaults for PD1/pdf/m/n on input line 35.
LaTeX Font Info:    ... okay on input line 35.
 (/usr/share/texlive/texmf-dist/tex/context/base/mkii/supp-pdf.mkii
[Loading MPS to PDF converter (version 2006.09.02).]
\scratchcounter=\count110
\scratchdimen=\dimen121
\scratchbox=\box30
\nofMPsegments=\count111
\nofMParguments=\count112
\everyMPshowfont=\toks19
\MPscratchCnt=\count113
\MPscratchDim=\dimen122
\MPnumerator=\count114
\makeMPintoPDFobject=\count115
\everyMPtoPDFconversion=\toks20
) (/usr/share/texlive/texmf-dist/tex/latex/oberdiek/epstopdf-base.sty
Package: epstopdf-base 2016/05/15 v2.6 Base part for package epstopdf

(/usr/share/texlive/texmf-dist/tex/latex/oberdiek/grfext.sty
Package: grfext 2016/05/16 v1.2 Manage graphics extensions (HO)
)
Package epstopdf-base Info: Redefining graphics rule for `.eps' on input line 4
38.
Package grfext Info: Graphics extension search list:
(grfext)             [.pdf,.png,.jpg,.mps,.jpeg,.jbig2,.jb2,.PDF,.PNG,.JPG,.JPE
G,.JBIG2,.JB2,.eps]
(grfext)             \AppendGraphicsExtensions on input line 456.

(/usr/share/texlive/texmf-dist/tex/latex/latexconfig/epstopdf-sys.cfg
File: epstopdf-sys.cfg 2010/07/13 v1.3 Configuration of (r)epstopdf for TeX Liv
e
))
\AtBeginShipoutBox=\box31
Package hyperref Info: Link coloring OFF on input line 35.

(/usr/share/texlive/texmf-dist/tex/latex/hyperref/nameref.sty
Package: nameref 2016/05/21 v2.44 Cross-referencing by name of section

(/usr/share/texlive/texmf-dist/tex/generic/oberdiek/gettitlestring.sty
Package: gettitlestring 2016/05/16 v1.5 Cleanup title references (HO)
)
\c@section@level=\count116
)
LaTeX Info: Redefining \ref on input line 35.
LaTeX Info: Redefining \pageref on input line 35.
LaTeX Info: Redefining \nameref on input line 35.

(./MainFile.out) (./MainFile.out)
\@outlinefile=\write3
\openout3 = `MainFile.out'.


*geometry* driver: auto-detecting
*geometry* detected driver: pdftex
*geometry* verbose mode - [ preamble ] result:
* driver: pdftex
* paper: a4paper
* layout: <same size as paper>
* layoutoffset:(h,v)=(0.0pt,0.0pt)
* modes: includefoot 
* h-part:(L,W,R)=(72.26999pt, 452.9679pt, 72.26999pt)
* v-part:(T,H,B)=(72.26999pt, 700.50687pt, 72.26999pt)
* \paperwidth=597.50787pt
* \paperheight=845.04684pt
* \textwidth=452.9679pt
* \textheight=670.50687pt
* \oddsidemargin=0.0pt
* \evensidemargin=0.0pt
* \topmargin=-37.0pt
* \headheight=12.0pt
* \headsep=25.0pt
* \topskip=12.0pt
* \footskip=30.0pt
* \marginparwidth=35.0pt
* \marginparsep=10.0pt
* \columnsep=10.0pt
* \skip\footins=10.8pt plus 4.0pt minus 2.0pt
* \hoffset=0.0pt
* \voffset=0.0pt
* \mag=1000
* \@twocolumnfalse
* \@twosidefalse
* \@mparswitchfalse
* \@reversemarginfalse
* (1in=72.27pt=25.4mm, 1cm=28.453pt)

\c@lstlisting=\count117
</home/basedul/Documents/Report-writing-using-latex/ResturentManagementSystemRe
port/titlepic.png, id=261, 200.75pt x 197.73875pt>
File: /home/basedul/Documents/Report-writing-using-latex/ResturentManagementSys
temReport/titlepic.png Graphic file (type png)
<use /home/basedul/Documents/Report-writing-using-latex/ResturentManagementSyst
emReport/titlepic.png>
Package pdftex.def Info: /home/basedul/Documents/Report-writing-using-latex/Res
turentManagementSystemReport/titlepic.png  used on input line 42.
(pdftex.def)             Requested size: 67.94241pt x 66.92554pt.
[1

{/var/lib/texmf/fonts/map/pdftex/updmap/pdftex.map} </home/basedul/Documents/Re
port-writing-using-latex/ResturentManagementSystemReport/titlepic.png>]
Underfull \hbox (badness 10000) in paragraph at lines 62--67

 []

Missing character: There is no â in font cmr12!
Missing character: There is no € in font cmr12!
Missing character: There is no ™ in font cmr12!

Underfull \hbox (badness 10000) in paragraph at lines 68--71

 []

(./MainFile.toc
LaTeX Font Info:    External font `cmex10' loaded for size
(Font)              <12> on input line 2.
LaTeX Font Info:    External font `cmex10' loaded for size
(Font)              <8> on input line 2.
LaTeX Font Info:    External font `cmex10' loaded for size
(Font)              <6> on input line 2.
 [1])
\tf@toc=\write4
\openout4 = `MainFile.toc'.

 [2] (./MainFile.lof)
\tf@lof=\write5
\openout5 = `MainFile.lof'.

 (./MainFile.lot)
\tf@lot=\write6
\openout6 = `MainFile.lot'.

 [3]
LaTeX Font Info:    Try loading font information for OMS+cmr on input line 90.

(/usr/share/texlive/texmf-dist/tex/latex/base/omscmr.fd
File: omscmr.fd 2014/09/29 v2.5h Standard LaTeX font definitions
)
LaTeX Font Info:    Font shape `OMS/cmr/m/n' in size <12> not available
(Font)              Font shape `OMS/cmsy/m/n' tried instead on input line 90.
pdfTeX warning (ext4): destination with the same identifier (name{page.1}) has 
been already used, duplicate ignored
<to be read again> 
                   \relax 
l.104 		\item t
               his system is based on the very popular model-View-Controller...
[1] [2]
Underfull \hbox (badness 10000) in paragraph at lines 140--141

 []

[3]
Missing character: There is no â in font cmr12!
Missing character: There is no € in font cmr12!
Missing character: There is no ™ in font cmr12!
Missing character: There is no â in font cmr12!
Missing character: There is no € in font cmr12!
Missing character: There is no ˜ in font cmr12!
Missing character: There is no â in font cmr12!
Missing character: There is no € in font cmr12!
Missing character: There is no ™ in font cmr12!
Missing character: There is no â in font cmr12!
Missing character: There is no € in font cmr12!
Missing character: There is no ™ in font cmr12!
Missing character: There is no â in font cmr12!
Missing character: There is no € in font cmr12!
Missing character: There is no ™ in font cmr12!
</home/basedul/Documents/Report-writing-using-latex/ResturentManagementSystemRe
port/uml_case.PNG, id=409, 803.0pt x 709.65125pt>
File: /home/basedul/Documents/Report-writing-using-latex/ResturentManagementSys
temReport/uml_case.PNG Graphic file (type png)
<use /home/basedul/Documents/Report-writing-using-latex/ResturentManagementSyst
emReport/uml_case.PNG>
Package pdftex.def Info: /home/basedul/Documents/Report-writing-using-latex/Res
turentManagementSystemReport/uml_case.PNG  used on input line 198.
(pdftex.def)             Requested size: 204.43759pt x 180.67499pt.
Missing character: There is no â in font cmr12!
Missing character: There is no € in font cmr12!
Missing character: There is no ™ in font cmr12!
 [4]
</home/basedul/Documents/Report-writing-using-latex/ResturentManagementSystemRe
port/boehms.png, id=414, 360.34625pt x 266.9975pt>
File: /home/basedul/Documents/Report-writing-using-latex/ResturentManagementSys
temReport/boehms.png Graphic file (type png)
<use /home/basedul/Documents/Report-writing-using-latex/ResturentManagementSyst
emReport/boehms.png>
Package pdftex.def Info: /home/basedul/Documents/Report-writing-using-latex/Res
turentManagementSystemReport/boehms.png  used on input line 219.
(pdftex.def)             Requested size: 487.73308pt x 361.34999pt.

Overfull \hbox (34.76518pt too wide) in paragraph at lines 219--220
 [][] 
 []

Missing character: There is no â in font cmr12!
Missing character: There is no € in font cmr12!
Missing character: There is no ™ in font cmr12!
Missing character: There is no â in font cmr12!
Missing character: There is no € in font cmr12!
Missing character: There is no ™ in font cmr12!
Missing character: There is no Â in font cmr12!
Missing character: There is no £ in font cmr12!
Missing character: There is no Â in font cmr12!
Missing character: There is no £ in font cmr12!
Missing character: There is no Â in font cmr12!
Missing character: There is no £ in font cmr12!
[5pdfTeX warning (ext4): destination with the same identifier (name{figure.1}) 
has been already used, duplicate ignored

\AtBegShi@Output ...ipout \box \AtBeginShipoutBox 
                                                  \fi \fi 
l.228 \newpage
               </home/basedul/Documents/Report-writing-using-latex/ResturentMan
agementSystemReport/uml_case.PNG (PNG copy)>] [6pdfTeX warning (ext4): destinat
ion with the same identifier (name{figure.2}) has been already used, duplicate 
ignored

\AtBegShi@Output ...ipout \box \AtBeginShipoutBox 
                                                  \fi \fi 
l.228 \newpage
               </home/basedul/Documents/Report-writing-using-latex/ResturentMan
agementSystemReport/boehms.png>]
Missing character: There is no â in font cmr12!
Missing character: There is no € in font cmr12!
Missing character: There is no ™ in font cmr12!
Missing character: There is no â in font cmr12!
Missing character: There is no € in font cmr12!
Missing character: There is no ˜ in font cmr12!
Missing character: There is no â in font cmr12!
Missing character: There is no € in font cmr12!
Missing character: There is no ™ in font cmr12!
 [7]
Underfull \hbox (badness 10000) in paragraph at lines 262--263

 []

Missing character: There is no â in font cmr12!
Missing character: There is no € in font cmr12!
Missing character: There is no ™ in font cmr12!

Underfull \hbox (badness 10000) in paragraph at lines 267--278

 []


Underfull \hbox (badness 10000) in paragraph at lines 279--280

 []


Underfull \hbox (badness 10000) in paragraph at lines 281--282

 []


Underfull \hbox (badness 10000) in paragraph at lines 283--284

 []


Underfull \hbox (badness 10000) in paragraph at lines 285--287

 []

</home/basedul/Documents/Report-writing-using-latex/ResturentManagementSystemRe
port/usecase.png, id=440, 563.10374pt x 671.50874pt>
File: /home/basedul/Documents/Report-writing-using-latex/ResturentManagementSys
temReport/usecase.png Graphic file (type png)
<use /home/basedul/Documents/Report-writing-using-latex/ResturentManagementSyst
emReport/usecase.png>
Package pdftex.def Info: /home/basedul/Documents/Report-writing-using-latex/Res
turentManagementSystemReport/usecase.png  used on input line 315.
(pdftex.def)             Requested size: 424.22566pt x 505.89pt.
[8pdfTeX warning (ext4): destination with the same identifier (name{table.1}) h
as been already used, duplicate ignored

\AtBegShi@Output ...ipout \box \AtBeginShipoutBox 
                                                  \fi \fi 
l.318 	\end{figure}
                   ] [9pdfTeX warning (ext4): destination with the same identif
ier (name{figure.3}) has been already used, duplicate ignored

\AtBegShi@Output ...ipout \box \AtBeginShipoutBox 
                                                  \fi \fi 
l.322 
       </home/basedul/Documents/Report-writing-using-latex/ResturentManagementS
ystemReport/usecase.png>]
Overfull \hbox (5.92673pt too wide) in paragraph at lines 332--341
 [][] 
 []

Missing character: There is no â in font cmr12!
Missing character: There is no € in font cmr12!
Missing character: There is no ˜ in font cmr12!
Missing character: There is no â in font cmr12!
Missing character: There is no € in font cmr12!
Missing character: There is no ™ in font cmr12!
[10pdfTeX warning (ext4): destination with the same identifier (name{table.2}) 
has been already used, duplicate ignored

\AtBegShi@Output ...ipout \box \AtBeginShipoutBox 
                                                  \fi \fi 
l.350 \newpage
              ]
</home/basedul/Documents/Report-writing-using-latex/ResturentManagementSystemRe
port/comdia.png, id=460, 348.30125pt x 270.00874pt>
File: /home/basedul/Documents/Report-writing-using-latex/ResturentManagementSys
temReport/comdia.png Graphic file (type png)
<use /home/basedul/Documents/Report-writing-using-latex/ResturentManagementSyst
emReport/comdia.png>
Package pdftex.def Info: /home/basedul/Documents/Report-writing-using-latex/Res
turentManagementSystemReport/comdia.png  used on input line 370.
(pdftex.def)             Requested size: 279.68304pt x 216.81pt.
 [11pdfTeX warning (ext4): destination with the same identifier (name{figure.4}
) has been already used, duplicate ignored

\AtBegShi@Output ...ipout \box \AtBeginShipoutBox 
                                                  \fi \fi 
l.380 \subsubsection
                    {Relational Database Management System (RDBMS)} </home/base
dul/Documents/Report-writing-using-latex/ResturentManagementSystemReport/comdia
.png>]
Missing character: There is no â in font cmr12!
Missing character: There is no € in font cmr12!
Missing character: There is no ™ in font cmr12!

Underfull \hbox (badness 10000) in paragraph at lines 382--386

 []

Missing character: There is no â in font cmr12!
Missing character: There is no € in font cmr12!
Missing character: There is no ™ in font cmr12!
</home/basedul/Documents/Report-writing-using-latex/ResturentManagementSystemRe
port/compari.png, id=467, 376.40625pt x 254.9525pt>
File: /home/basedul/Documents/Report-writing-using-latex/ResturentManagementSys
temReport/compari.png Graphic file (type png)
<use /home/basedul/Documents/Report-writing-using-latex/ResturentManagementSyst
emReport/compari.png>
Package pdftex.def Info: /home/basedul/Documents/Report-writing-using-latex/Res
turentManagementSystemReport/compari.png  used on input line 415.
(pdftex.def)             Requested size: 426.81018pt x 289.07999pt.
[12] [13pdfTeX warning (ext4): destination with the same identifier (name{figur
e.5}) has been already used, duplicate ignored

\AtBegShi@Output ...ipout \box \AtBeginShipoutBox 
                                                  \fi \fi 
l.439 \subsubsection
                    {Entity Relationship Diagram} </home/basedul/Documents/Repo
rt-writing-using-latex/ResturentManagementSystemReport/compari.png>]
</home/basedul/Documents/Report-writing-using-latex/ResturentManagementSystemRe
port/entityone.png, id=482, 506.89375pt x 569.12625pt>
File: /home/basedul/Documents/Report-writing-using-latex/ResturentManagementSys
temReport/entityone.png Graphic file (type png)
<use /home/basedul/Documents/Report-writing-using-latex/ResturentManagementSyst
emReport/entityone.png>
Package pdftex.def Info: /home/basedul/Documents/Report-writing-using-latex/Res
turentManagementSystemReport/entityone.png  used on input line 467.
(pdftex.def)             Requested size: 418.40907pt x 469.75499pt.
</home/basedul/Documents/Report-writing-using-latex/ResturentManagementSystemRe
port/entitytwo.png, id=483, 505.89pt x 625.33624pt>
File: /home/basedul/Documents/Report-writing-using-latex/ResturentManagementSys
temReport/entitytwo.png Graphic file (type png)
<use /home/basedul/Documents/Report-writing-using-latex/ResturentManagementSyst
emReport/entitytwo.png>
Package pdftex.def Info: /home/basedul/Documents/Report-writing-using-latex/Res
turentManagementSystemReport/entitytwo.png  used on input line 473.
(pdftex.def)             Requested size: 380.03409pt x 469.75499pt.
 [14]
[15pdfTeX warning (ext4): destination with the same identifier (name{figure.6})
 has been already used, duplicate ignored

\AtBegShi@Output ...ipout \box \AtBeginShipoutBox 
                                                  \fi \fi 
l.477 
       </home/basedul/Documents/Report-writing-using-latex/ResturentManagementS
ystemReport/entityone.png>]
Underfull \hbox (badness 10000) in paragraph at lines 488--491

 []

[16pdfTeX warning (ext4): destination with the same identifier (name{figure.7})
 has been already used, duplicate ignored

\AtBegShi@Output ...ipout \box \AtBeginShipoutBox 
                                                  \fi \fi 
l.491 \begin{itemize}
                      </home/basedul/Documents/Report-writing-using-latex/Restu
rentManagementSystemReport/entitytwo.png>]
</home/basedul/Documents/Report-writing-using-latex/ResturentManagementSystemRe
port/orderGui.png, id=499, 1304.875pt x 567.11874pt>
File: /home/basedul/Documents/Report-writing-using-latex/ResturentManagementSys
temReport/orderGui.png Graphic file (type png)
<use /home/basedul/Documents/Report-writing-using-latex/ResturentManagementSyst
emReport/orderGui.png>
Package pdftex.def Info: /home/basedul/Documents/Report-writing-using-latex/Res
turentManagementSystemReport/orderGui.png  used on input line 500.
(pdftex.def)             Requested size: 498.84427pt x 216.81pt.

Overfull \hbox (45.87637pt too wide) in paragraph at lines 500--501
 [][] 
 []

</home/basedul/Documents/Report-writing-using-latex/ResturentManagementSystemRe
port/clientGui.png, id=501, 1298.8525pt x 565.11125pt>
File: /home/basedul/Documents/Report-writing-using-latex/ResturentManagementSys
temReport/clientGui.png Graphic file (type png)
<use /home/basedul/Documents/Report-writing-using-latex/ResturentManagementSyst
emReport/clientGui.png>
Package pdftex.def Info: /home/basedul/Documents/Report-writing-using-latex/Res
turentManagementSystemReport/clientGui.png  used on input line 510.
(pdftex.def)             Requested size: 498.30579pt x 216.81pt.

Overfull \hbox (45.33789pt too wide) in paragraph at lines 510--511
 [][] 
 []

[17pdfTeX warning (ext4): destination with the same identifier (name{figure.8})
 has been already used, duplicate ignored

\AtBegShi@Output ...ipout \box \AtBeginShipoutBox 
                                                  \fi \fi 
l.514 
       </home/basedul/Documents/Report-writing-using-latex/ResturentManagementS
ystemReport/orderGui.png>]
</home/basedul/Documents/Report-writing-using-latex/ResturentManagementSystemRe
port/flowchart.png, id=508, 294.09875pt x 630.355pt>
File: /home/basedul/Documents/Report-writing-using-latex/ResturentManagementSys
temReport/flowchart.png Graphic file (type png)
<use /home/basedul/Documents/Report-writing-using-latex/ResturentManagementSyst
emReport/flowchart.png>
Package pdftex.def Info: /home/basedul/Documents/Report-writing-using-latex/Res
turentManagementSystemReport/flowchart.png  used on input line 521.
(pdftex.def)             Requested size: 219.1689pt x 469.75499pt.
 [18pdfTeX warning (ext4): destination with the same identifier (name{figure.9}
) has been already used, duplicate ignored

\AtBegShi@Output ...ipout \box \AtBeginShipoutBox 
                                                  \fi \fi 
l.525 \subsection
                 {Chapter Summary} </home/basedul/Documents/Report-writing-usin
g-latex/ResturentManagementSystemReport/clientGui.png>] [19pdfTeX warning (ext4
): destination with the same identifier (name{figure.10}) has been already used
, duplicate ignored

\AtBegShi@Output ...ipout \box \AtBeginShipoutBox 
                                                  \fi \fi 
l.528 \newpage
               </home/basedul/Documents/Report-writing-using-latex/ResturentMan
agementSystemReport/flowchart.png>]
Underfull \hbox (badness 10000) in paragraph at lines 542--545

 []

Missing character: There is no â in font cmr12!
Missing character: There is no € in font cmr12!
Missing character: There is no ™ in font cmr12!
Missing character: There is no Â in font cmr12!
Missing character: There is no £ in font cmr12!
Missing character: There is no Â in font cmr12!
Missing character: There is no £ in font cmr12!
Missing character: There is no â in font cmr12!
Missing character: There is no € in font cmr12!
Missing character: There is no ™ in font cmr12!
[20]
File: /home/basedul/Documents/Report-writing-using-latex/ResturentManagementSys
temReport/clientGui.png Graphic file (type png)
<use /home/basedul/Documents/Report-writing-using-latex/ResturentManagementSyst
emReport/clientGui.png>
Package pdftex.def Info: /home/basedul/Documents/Report-writing-using-latex/Res
turentManagementSystemReport/clientGui.png  used on input line 576.
(pdftex.def)             Requested size: 498.30579pt x 216.81pt.

Overfull \hbox (45.33789pt too wide) in paragraph at lines 576--577
 [][] 
 []

[21pdfTeX warning (ext4): destination with the same identifier (name{figure.11}
) has been already used, duplicate ignored

\AtBegShi@Output ...ipout \box \AtBeginShipoutBox 
                                                  \fi \fi 
l.597 import 
             FoodAddOnDatabase.VegeTofu;] [22] [23] [24] [25] [26]
Overfull \hbox (2.32788pt too wide) in paragraph at lines 842--843
[][][][][][][][][][][][][][][][][][] 
 []


Overfull \hbox (8.07657pt too wide) in paragraph at lines 843--844
[][][][][][][][][][][][][][][][][][][][][][][][][][][][][][][][][][][][][][][][
][][] 
 []

[27]
Overfull \hbox (30.37546pt too wide) in paragraph at lines 873--874
[][][][][][][][][][][]  
 []


Overfull \hbox (44.86758pt too wide) in paragraph at lines 882--883
[][][][][][][][][][][][][][][][][][][][][][][][][] 
 []

[28] [29] [30] [31] [32] [33] [34] [35]
Overfull \hbox (46.01776pt too wide) in paragraph at lines 1257--1258
[][][][][][][][][][][][][][][][][][]  
 []


Overfull \hbox (124.19977pt too wide) in paragraph at lines 1260--1261
[][][][][][][][][][][][][][][][][][][][][]  
 []

[36]
Overfull \hbox (46.01776pt too wide) in paragraph at lines 1283--1284
[][][][][][][][][][][][][][][][][][]  
 []


Overfull \hbox (124.19977pt too wide) in paragraph at lines 1286--1287
[][][][][][][][][][][][][][][][][][][][][]  
 []


Overfull \hbox (124.19977pt too wide) in paragraph at lines 1292--1293
[][][][][][][][][][][][][][][][][][][][][]  
 []


Overfull \hbox (124.19977pt too wide) in paragraph at lines 1298--1299
[][][][][][][][][][][][][][][][][][][][][]  
 []


Overfull \hbox (124.19977pt too wide) in paragraph at lines 1302--1303
[][][][][][][][][][][][][][][][][][][][][]  
 []

[37]
Overfull \hbox (124.19977pt too wide) in paragraph at lines 1306--1307
[][][][][][][][][][][][][][][][][][][][][]  
 []

[38]
Overfull \hbox (51.76645pt too wide) in paragraph at lines 1347--1348
[][][][][][][][][][][][][][][][][][]  
 []


Overfull \hbox (20.72339pt too wide) in paragraph at lines 1351--1352
[][][][][][][][][][][][][][][][][]  
 []


Overfull \hbox (26.47208pt too wide) in paragraph at lines 1353--1354
[][][][][][][][][][][][][][][][][][] 
 []


Overfull \hbox (51.76645pt too wide) in paragraph at lines 1358--1359
[][][][][][][][][][][][][][][][][][]  
 []


Overfull \hbox (135.69714pt too wide) in paragraph at lines 1361--1362
[][][][][][][][][][][][][][][][][][][][][]  
 []

[39]
Overfull \hbox (51.76645pt too wide) in paragraph at lines 1396--1397
[][][][][][][][][][][][][][][][][][]  
 []


Overfull \hbox (32.22076pt too wide) in paragraph at lines 1400--1401
[][][][][][][][][][][][][][][][][]  
 []


Overfull \hbox (51.76645pt too wide) in paragraph at lines 1407--1408
[][][][][][][][][][][][][][][][][][]  
 []


Overfull \hbox (135.69714pt too wide) in paragraph at lines 1410--1411
[][][][][][][][][][][][][][][][][][][][][]  
 []

[40]
Overfull \hbox (226.5267pt too wide) in paragraph at lines 1464--1466
[][][][][][][][][][][][][][][][][][][][][][][][][][][][] 
 []

[41]
Overfull \hbox (51.76645pt too wide) in paragraph at lines 1487--1488
[][][][][][][][][][][][][][][][][][]  
 []


Overfull \hbox (51.76645pt too wide) in paragraph at lines 1499--1500
[][][][][][][][][][][][][][][][][][]  
 []


Overfull \hbox (135.69714pt too wide) in paragraph at lines 1501--1502
[][][][][][][][][][][][][][][][][][][][][]  
 []


Overfull \hbox (20.72339pt too wide) in paragraph at lines 1504--1505
[][][][][][][][][][][][][][][][][]  
 []

[42]
Overfull \hbox (51.76645pt too wide) in paragraph at lines 1512--1513
[][][][][][][][][][][][][][][][][][]  
 []


Overfull \hbox (129.94846pt too wide) in paragraph at lines 1516--1517
[][][][][][][][][][][][][][][][][][][][][]  
 []


Overfull \hbox (62.11365pt too wide) in paragraph at lines 1519--1520
[][][][][][][][][][][][][][][][][]  
 []


Overfull \hbox (62.11365pt too wide) in paragraph at lines 1521--1522
[][][][][][][][][][][][][][][][][]  
 []


Overfull \hbox (171.33871pt too wide) in paragraph at lines 1524--1525
[][][][][][][][][][][][][][][][][][][][][]  
 []


Overfull \hbox (103.5039pt too wide) in paragraph at lines 1527--1528
[][][][][][][][][][][][][][][][][]  
 []


Overfull \hbox (20.72339pt too wide) in paragraph at lines 1535--1536
[][][][][][][][][][][][][][][][][]  
 []


Overfull \hbox (51.76645pt too wide) in paragraph at lines 1540--1541
[][][][][][][][][][][][][][][][][][]  
 []


Overfull \hbox (135.69714pt too wide) in paragraph at lines 1542--1543
[][][][][][][][][][][][][][][][][][][][][]  
 []

[43]
Overfull \hbox (150.64359pt too wide) in paragraph at lines 1544--1545
[][][][][][][][][][][][][][][][][][][][][]  
 []


Overfull \hbox (177.0874pt too wide) in paragraph at lines 1546--1547
[][][][][][][][][][][][][][][][][][][][][]  
 []


Overfull \hbox (212.72897pt too wide) in paragraph at lines 1553--1554
[][][][][][][][][][][][][][][][][][][][][]  
 []


Overfull \hbox (9.22528pt too wide) in paragraph at lines 1554--1555
[][][][][][][][][][][]  
 []


Overfull \hbox (218.47766pt too wide) in paragraph at lines 1559--1560
[][][][][][][][][][][][][][][][][][][][][]  
 []


Overfull \hbox (212.72897pt too wide) in paragraph at lines 1562--1563
[][][][][][][][][][][][][][][][][][][][][]  
 []


Overfull \hbox (9.22528pt too wide) in paragraph at lines 1563--1564
[][][][][][][][][][][]  
 []


Overfull \hbox (9.22528pt too wide) in paragraph at lines 1566--1567
[][][][][][][][][][][]  
 []


Overfull \hbox (144.89417pt too wide) in paragraph at lines 1567--1568
[][][][][][][][][][][][][][][][][]  
 []


Overfull \hbox (3.93091pt too wide) in paragraph at lines 1568--1569
[][][][][][][][][][] 
 []


Overfull \hbox (32.67435pt too wide) in paragraph at lines 1568--1569
[][][][][][][][][][][][][][][]  
 []

[44]
Overfull \hbox (226.5267pt too wide) in paragraph at lines 1620--1622
[][][][][][][][][][][][][][][][][][][][][][][][][][][][] 
 []

[45]
Overfull \hbox (51.76645pt too wide) in paragraph at lines 1643--1644
[][][][][][][][][][][][][][][][][][]  
 []


Overfull \hbox (51.76645pt too wide) in paragraph at lines 1655--1656
[][][][][][][][][][][][][][][][][][]  
 []


Overfull \hbox (135.69714pt too wide) in paragraph at lines 1657--1658
[][][][][][][][][][][][][][][][][][][][][]  
 []

[46]
Overfull \hbox (20.72339pt too wide) in paragraph at lines 1660--1661
[][][][][][][][][][][][][][][][][]  
 []


Overfull \hbox (51.76645pt too wide) in paragraph at lines 1668--1669
[][][][][][][][][][][][][][][][][][]  
 []


Overfull \hbox (129.94846pt too wide) in paragraph at lines 1672--1673
[][][][][][][][][][][][][][][][][][][][][]  
 []


Overfull \hbox (129.94846pt too wide) in paragraph at lines 1677--1678
[][][][][][][][][][][][][][][][][][][][][]  
 []


Overfull \hbox (20.72339pt too wide) in paragraph at lines 1687--1688
[][][][][][][][][][][][][][][][][]  
 []

[47]
Overfull \hbox (51.76645pt too wide) in paragraph at lines 1691--1692
[][][][][][][][][][][][][][][][][][]  
 []


Overfull \hbox (129.94846pt too wide) in paragraph at lines 1703--1704
[][][][][][][][][][][][][][][][][][][][][]  
 []


Overfull \hbox (129.94846pt too wide) in paragraph at lines 1707--1708
[][][][][][][][][][][][][][][][][][][][][]  
 []

[48]
Overfull \hbox (226.5267pt too wide) in paragraph at lines 1771--1773
[][][][][][][][][][][][][][][][][][][][][][][][][][][][] 
 []

[49]
Overfull \hbox (51.76645pt too wide) in paragraph at lines 1794--1795
[][][][][][][][][][][][][][][][][][]  
 []


Overfull \hbox (51.76645pt too wide) in paragraph at lines 1806--1807
[][][][][][][][][][][][][][][][][][]  
 []


Overfull \hbox (135.69714pt too wide) in paragraph at lines 1808--1809
[][][][][][][][][][][][][][][][][][][][][]  
 []

[50]
Overfull \hbox (20.72339pt too wide) in paragraph at lines 1811--1812
[][][][][][][][][][][][][][][][][]  
 []


Overfull \hbox (51.76645pt too wide) in paragraph at lines 1819--1820
[][][][][][][][][][][][][][][][][][]  
 []


Overfull \hbox (129.94846pt too wide) in paragraph at lines 1823--1824
[][][][][][][][][][][][][][][][][][][][][]  
 []


Overfull \hbox (129.94846pt too wide) in paragraph at lines 1828--1829
[][][][][][][][][][][][][][][][][][][][][]  
 []


Overfull \hbox (32.22076pt too wide) in paragraph at lines 1838--1839
[][][][][][][][][][][][][][][][][]  
 []

[51]
Overfull \hbox (51.76645pt too wide) in paragraph at lines 1842--1843
[][][][][][][][][][][][][][][][][][]  
 []


Overfull \hbox (129.94846pt too wide) in paragraph at lines 1853--1854
[][][][][][][][][][][][][][][][][][][][][]  
 []


Overfull \hbox (129.94846pt too wide) in paragraph at lines 1857--1858
[][][][][][][][][][][][][][][][][][][][][]  
 []


Overfull \hbox (115.00201pt too wide) in paragraph at lines 1862--1863
[][][][][][][][][][][][][][][][][][][][][]  
 []

[52]
Overfull \hbox (226.5267pt too wide) in paragraph at lines 1915--1917
[][][][][][][][][][][][][][][][][][][][][][][][][][][][] 
 []

[53]
Overfull \hbox (51.76645pt too wide) in paragraph at lines 1938--1939
[][][][][][][][][][][][][][][][][][]  
 []


Overfull \hbox (51.76645pt too wide) in paragraph at lines 1950--1951
[][][][][][][][][][][][][][][][][][]  
 []


Overfull \hbox (135.69714pt too wide) in paragraph at lines 1952--1953
[][][][][][][][][][][][][][][][][][][][][]  
 []


Overfull \hbox (20.72339pt too wide) in paragraph at lines 1955--1956
[][][][][][][][][][][][][][][][][]  
 []

[54]
Overfull \hbox (51.76645pt too wide) in paragraph at lines 1963--1964
[][][][][][][][][][][][][][][][][][]  
 []


Overfull \hbox (129.94846pt too wide) in paragraph at lines 1967--1968
[][][][][][][][][][][][][][][][][][][][][]  
 []


Overfull \hbox (129.94846pt too wide) in paragraph at lines 1972--1973
[][][][][][][][][][][][][][][][][][][][][]  
 []


Overfull \hbox (26.47208pt too wide) in paragraph at lines 1982--1983
[][][][][][][][][][][][][][][][][][] 
 []


Overfull \hbox (51.76645pt too wide) in paragraph at lines 1987--1988
[][][][][][][][][][][][][][][][][][]  
 []

[55]
Overfull \hbox (129.94846pt too wide) in paragraph at lines 1998--1999
[][][][][][][][][][][][][][][][][][][][][]  
 []


Overfull \hbox (129.94846pt too wide) in paragraph at lines 2002--2003
[][][][][][][][][][][][][][][][][][][][][]  
 []


Overfull \hbox (115.00201pt too wide) in paragraph at lines 2007--2008
[][][][][][][][][][][][][][][][][][][][][]  
 []

[56]
Overfull \hbox (226.5267pt too wide) in paragraph at lines 2060--2062
[][][][][][][][][][][][][][][][][][][][][][][][][][][][] 
 []

[57]
Overfull \hbox (51.76645pt too wide) in paragraph at lines 2083--2084
[][][][][][][][][][][][][][][][][][]  
 []


Overfull \hbox (51.76645pt too wide) in paragraph at lines 2095--2096
[][][][][][][][][][][][][][][][][][]  
 []


Overfull \hbox (135.69714pt too wide) in paragraph at lines 2097--2098
[][][][][][][][][][][][][][][][][][][][][]  
 []


Overfull \hbox (20.72339pt too wide) in paragraph at lines 2100--2101
[][][][][][][][][][][][][][][][][]  
 []


Overfull \hbox (51.76645pt too wide) in paragraph at lines 2108--2109
[][][][][][][][][][][][][][][][][][]  
 []

[58]
Overfull \hbox (129.94846pt too wide) in paragraph at lines 2112--2113
[][][][][][][][][][][][][][][][][][][][][]  
 []


Overfull \hbox (129.94846pt too wide) in paragraph at lines 2117--2118
[][][][][][][][][][][][][][][][][][][][][]  
 []


Overfull \hbox (20.72339pt too wide) in paragraph at lines 2127--2128
[][][][][][][][][][][][][][][][][]  
 []


Overfull \hbox (51.76645pt too wide) in paragraph at lines 2131--2132
[][][][][][][][][][][][][][][][][][]  
 []

[59]
Overfull \hbox (129.94846pt too wide) in paragraph at lines 2142--2143
[][][][][][][][][][][][][][][][][][][][][]  
 []


Overfull \hbox (129.94846pt too wide) in paragraph at lines 2146--2147
[][][][][][][][][][][][][][][][][][][][][]  
 []


Overfull \hbox (115.00201pt too wide) in paragraph at lines 2151--2152
[][][][][][][][][][][][][][][][][][][][][]  
 []

[60]
Overfull \hbox (226.5267pt too wide) in paragraph at lines 2204--2206
[][][][][][][][][][][][][][][][][][][][][][][][][][][][] 
 []

[61]
Overfull \hbox (51.76645pt too wide) in paragraph at lines 2227--2228
[][][][][][][][][][][][][][][][][][]  
 []


Overfull \hbox (51.76645pt too wide) in paragraph at lines 2239--2240
[][][][][][][][][][][][][][][][][][]  
 []


Overfull \hbox (135.69714pt too wide) in paragraph at lines 2241--2242
[][][][][][][][][][][][][][][][][][][][][]  
 []


Overfull \hbox (20.72339pt too wide) in paragraph at lines 2244--2245
[][][][][][][][][][][][][][][][][]  
 []


Overfull \hbox (51.76645pt too wide) in paragraph at lines 2252--2253
[][][][][][][][][][][][][][][][][][]  
 []


Overfull \hbox (129.94846pt too wide) in paragraph at lines 2256--2257
[][][][][][][][][][][][][][][][][][][][][]  
 []

[62]
Overfull \hbox (129.94846pt too wide) in paragraph at lines 2261--2262
[][][][][][][][][][][][][][][][][][][][][]  
 []


Overfull \hbox (26.47208pt too wide) in paragraph at lines 2271--2272
[][][][][][][][][][][][][][][][][][] 
 []


Overfull \hbox (51.76645pt too wide) in paragraph at lines 2276--2277
[][][][][][][][][][][][][][][][][][]  
 []


Overfull \hbox (129.94846pt too wide) in paragraph at lines 2287--2288
[][][][][][][][][][][][][][][][][][][][][]  
 []

[63]
Overfull \hbox (129.94846pt too wide) in paragraph at lines 2291--2292
[][][][][][][][][][][][][][][][][][][][][]  
 []


Overfull \hbox (115.00201pt too wide) in paragraph at lines 2296--2297
[][][][][][][][][][][][][][][][][][][][][]  
 []

[64]
Overfull \hbox (226.5267pt too wide) in paragraph at lines 2349--2351
[][][][][][][][][][][][][][][][][][][][][][][][][][][][] 
 []


Overfull \hbox (51.76645pt too wide) in paragraph at lines 2372--2373
[][][][][][][][][][][][][][][][][][]  
 []

[65]
Overfull \hbox (51.76645pt too wide) in paragraph at lines 2384--2385
[][][][][][][][][][][][][][][][][][]  
 []


Overfull \hbox (135.69714pt too wide) in paragraph at lines 2386--2387
[][][][][][][][][][][][][][][][][][][][][]  
 []


Overfull \hbox (20.72339pt too wide) in paragraph at lines 2389--2390
[][][][][][][][][][][][][][][][][]  
 []


Overfull \hbox (51.76645pt too wide) in paragraph at lines 2397--2398
[][][][][][][][][][][][][][][][][][]  
 []


Overfull \hbox (129.94846pt too wide) in paragraph at lines 2401--2402
[][][][][][][][][][][][][][][][][][][][][]  
 []


Overfull \hbox (129.94846pt too wide) in paragraph at lines 2406--2407
[][][][][][][][][][][][][][][][][][][][][]  
 []

[66]
Overfull \hbox (26.47208pt too wide) in paragraph at lines 2416--2417
[][][][][][][][][][][][][][][][][][] 
 []


Overfull \hbox (51.76645pt too wide) in paragraph at lines 2421--2422
[][][][][][][][][][][][][][][][][][]  
 []


Overfull \hbox (129.94846pt too wide) in paragraph at lines 2433--2434
[][][][][][][][][][][][][][][][][][][][][]  
 []


Overfull \hbox (129.94846pt too wide) in paragraph at lines 2437--2438
[][][][][][][][][][][][][][][][][][][][][]  
 []

[67] [68]
Overfull \hbox (226.5267pt too wide) in paragraph at lines 2496--2498
[][][][][][][][][][][][][][][][][][][][][][][][][][][][] 
 []


Overfull \hbox (51.76645pt too wide) in paragraph at lines 2519--2520
[][][][][][][][][][][][][][][][][][]  
 []

[69]
Overfull \hbox (51.76645pt too wide) in paragraph at lines 2531--2532
[][][][][][][][][][][][][][][][][][]  
 []


Overfull \hbox (135.69714pt too wide) in paragraph at lines 2533--2534
[][][][][][][][][][][][][][][][][][][][][]  
 []


Overfull \hbox (20.72339pt too wide) in paragraph at lines 2536--2537
[][][][][][][][][][][][][][][][][]  
 []


Overfull \hbox (51.76645pt too wide) in paragraph at lines 2544--2545
[][][][][][][][][][][][][][][][][][]  
 []


Overfull \hbox (129.94846pt too wide) in paragraph at lines 2548--2549
[][][][][][][][][][][][][][][][][][][][][]  
 []


Overfull \hbox (129.94846pt too wide) in paragraph at lines 2553--2554
[][][][][][][][][][][][][][][][][][][][][]  
 []

[70]
Overfull \hbox (20.72339pt too wide) in paragraph at lines 2563--2564
[][][][][][][][][][][][][][][][][]  
 []


Overfull \hbox (51.76645pt too wide) in paragraph at lines 2567--2568
[][][][][][][][][][][][][][][][][][]  
 []


Overfull \hbox (129.94846pt too wide) in paragraph at lines 2578--2579
[][][][][][][][][][][][][][][][][][][][][]  
 []


Overfull \hbox (129.94846pt too wide) in paragraph at lines 2582--2583
[][][][][][][][][][][][][][][][][][][][][]  
 []


Overfull \hbox (115.00201pt too wide) in paragraph at lines 2587--2588
[][][][][][][][][][][][][][][][][][][][][]  
 []

[71] [72]
Overfull \hbox (226.5267pt too wide) in paragraph at lines 2640--2642
[][][][][][][][][][][][][][][][][][][][][][][][][][][][] 
 []


Overfull \hbox (51.76645pt too wide) in paragraph at lines 2663--2664
[][][][][][][][][][][][][][][][][][]  
 []

[73]
Overfull \hbox (51.76645pt too wide) in paragraph at lines 2675--2676
[][][][][][][][][][][][][][][][][][]  
 []


Overfull \hbox (135.69714pt too wide) in paragraph at lines 2677--2678
[][][][][][][][][][][][][][][][][][][][][]  
 []


Overfull \hbox (20.72339pt too wide) in paragraph at lines 2680--2681
[][][][][][][][][][][][][][][][][]  
 []


Overfull \hbox (51.76645pt too wide) in paragraph at lines 2688--2689
[][][][][][][][][][][][][][][][][][]  
 []


Overfull \hbox (129.94846pt too wide) in paragraph at lines 2692--2693
[][][][][][][][][][][][][][][][][][][][][]  
 []


Overfull \hbox (129.94846pt too wide) in paragraph at lines 2697--2698
[][][][][][][][][][][][][][][][][][][][][]  
 []

[74]
Overfull \hbox (32.22076pt too wide) in paragraph at lines 2707--2708
[][][][][][][][][][][][][][][][][]  
 []


Overfull \hbox (51.76645pt too wide) in paragraph at lines 2712--2713
[][][][][][][][][][][][][][][][][][]  
 []


Overfull \hbox (135.69714pt too wide) in paragraph at lines 2714--2715
[][][][][][][][][][][][][][][][][][][][][]  
 []


Overfull \hbox (150.64359pt too wide) in paragraph at lines 2716--2717
[][][][][][][][][][][][][][][][][][][][][]  
 []


Overfull \hbox (192.03384pt too wide) in paragraph at lines 2728--2729
[][][][][][][][][][][][][][][][][][][][][]  
 []


Overfull \hbox (192.03384pt too wide) in paragraph at lines 2732--2733
[][][][][][][][][][][][][][][][][][][][][]  
 []

[75]
Overfull \hbox (46.01776pt too wide) in paragraph at lines 2764--2765
[][][][][][][][][][][][][][][][][][]  
 []


Overfull \hbox (129.94846pt too wide) in paragraph at lines 2767--2768
[][][][][][][][][][][][][][][][][][][][][][] 
 []

[76]
Overfull \hbox (165.59003pt too wide) in paragraph at lines 2781--2782
[][][][][][][][][][][][][][][][][][][][][]  
 []


Overfull \hbox (165.59003pt too wide) in paragraph at lines 2784--2785
[][][][][][][][][][][][][][][][][][][][][]  
 []


Overfull \hbox (46.01776pt too wide) in paragraph at lines 2793--2794
[][][][][][][][][][][][][][][][][][]  
 []


Overfull \hbox (124.19977pt too wide) in paragraph at lines 2795--2796
[][][][][][][][][][][][][][][][][][][][][]  
 []


Overfull \hbox (124.19977pt too wide) in paragraph at lines 2801--2802
[][][][][][][][][][][][][][][][][][][][][]  
 []


Overfull \hbox (129.94846pt too wide) in paragraph at lines 2805--2806
[][][][][][][][][][][][][][][][][][][][][]  
 []


Overfull \hbox (124.19977pt too wide) in paragraph at lines 2809--2810
[][][][][][][][][][][][][][][][][][][][][]  
 []


Overfull \hbox (124.19977pt too wide) in paragraph at lines 2813--2814
[][][][][][][][][][][][][][][][][][][][][]  
 []

[77]
Overfull \hbox (46.01776pt too wide) in paragraph at lines 2842--2843
[][][][][][][][][][][][][][][][][][]  
 []


Overfull \hbox (124.19977pt too wide) in paragraph at lines 2844--2845
[][][][][][][][][][][][][][][][][][][][][]  
 []


Overfull \hbox (46.01776pt too wide) in paragraph at lines 2852--2853
[][][][][][][][][][][][][][][][][][]  
 []

[78]
Overfull \hbox (20.72339pt too wide) in paragraph at lines 2857--2858
[][][][][][][][][][][][][][][][][]  
 []


Overfull \hbox (20.72339pt too wide) in paragraph at lines 2859--2860
[][][][][][][][][][][][][][][][][]  
 []


Overfull \hbox (46.01776pt too wide) in paragraph at lines 2871--2872
[][][][][][][][][][][][][][][][][][]  
 []


Overfull \hbox (20.72339pt too wide) in paragraph at lines 2875--2876
[][][][][][][][][][][][][][][][][]  
 []


Overfull \hbox (46.01776pt too wide) in paragraph at lines 2880--2881
[][][][][][][][][][][][][][][][][][]  
 []


Overfull \hbox (129.94846pt too wide) in paragraph at lines 2883--2884
[][][][][][][][][][][][][][][][][][][][][]  
 []

[79]
Overfull \hbox (324.2544pt too wide) in paragraph at lines 2918--2920
[][][][][][][][][][][][][][][][][][][][][][][][][][][][] 
 []

[80]
Overfull \hbox (51.76645pt too wide) in paragraph at lines 2968--2969
[][][][][][][][][][][][][][][][][][]  
 []


Overfull \hbox (109.25333pt too wide) in paragraph at lines 2975--2976
[][][][][][][][][][][][][][][][][][][][][]  
 []

[81]
Overfull \hbox (51.76645pt too wide) in paragraph at lines 2982--2983
[][][][][][][][][][][][][][][][][][]  
 []


Overfull \hbox (135.69714pt too wide) in paragraph at lines 2985--2986
[][][][][][][][][][][][][][][][][][][][][]  
 []


Overfull \hbox (109.25333pt too wide) in paragraph at lines 2989--2990
[][][][][][][][][][][][][][][][][][][][][]  
 []


Overfull \hbox (318.5057pt too wide) in paragraph at lines 2996--2998
[][][][][][][][][][][][][][][][][][][][][][][][][][][][] 
 []


Overfull \hbox (485.21765pt too wide) in paragraph at lines 3012--3014
[][][][][][][][][][][][][][][][][][][][][][][][][][][][][][][][][][][][] 
 []

[82] [83]
Overfull \hbox (51.76645pt too wide) in paragraph at lines 3089--3090
[][][][][][][][][][][][][][][][][][]  
 []


Overfull \hbox (129.94846pt too wide) in paragraph at lines 3092--3093
[][][][][][][][][][][][][][][][][][][][][]  
 []


Overfull \hbox (73.61102pt too wide) in paragraph at lines 3095--3096
[][][][][][][][][][][][][][][][][]  
 []


Overfull \hbox (73.61102pt too wide) in paragraph at lines 3097--3098
[][][][][][][][][][][][][][][][][]  
 []


Overfull \hbox (73.61102pt too wide) in paragraph at lines 3099--3100
[][][][][][][][][][][][][][][][][]  
 []


Overfull \hbox (73.61102pt too wide) in paragraph at lines 3101--3102
[][][][][][][][][][][][][][][][][]  
 []

[84]
Overfull \hbox (73.61102pt too wide) in paragraph at lines 3105--3106
[][][][][][][][][][][][][][][][][]  
 []


Overfull \hbox (73.61102pt too wide) in paragraph at lines 3107--3108
[][][][][][][][][][][][][][][][][]  
 []


Overfull \hbox (51.76645pt too wide) in paragraph at lines 3113--3114
[][][][][][][][][][][][][][][][][][]  
 []


Overfull \hbox (135.69714pt too wide) in paragraph at lines 3116--3117
[][][][][][][][][][][][][][][][][][][][][]  
 []


Overfull \hbox (135.69714pt too wide) in paragraph at lines 3123--3124
[][][][][][][][][][][][][][][][][][][][][]  
 []

[85]
Overfull \hbox (46.01776pt too wide) in paragraph at lines 3149--3150
[][][][][][][][][][][][][][][][][][]  
 []


Overfull \hbox (124.19977pt too wide) in paragraph at lines 3152--3153
[][][][][][][][][][][][][][][][][][][][][]  
 []


Overfull \hbox (124.19977pt too wide) in paragraph at lines 3155--3156
[][][][][][][][][][][][][][][][][][][][][]  
 []


Overfull \hbox (67.86234pt too wide) in paragraph at lines 3157--3158
[][][][][][][][][][][][][][][][][][] 
 []


Overfull \hbox (67.86234pt too wide) in paragraph at lines 3161--3162
[][][][][][][][][][][][][][][][][][] 
 []


Overfull \hbox (165.59003pt too wide) in paragraph at lines 3162--3163
[][][][][][][][][][][][][][][][][][][][][]  
 []


Overfull \hbox (2.32715pt too wide) in paragraph at lines 3163--3164
[][][][][][][][][][][][][][][][][][] 
 []


Overfull \hbox (2.32715pt too wide) in paragraph at lines 3166--3167
[][][][][][][][][][][][][][][][][][] 
 []


Overfull \hbox (46.01776pt too wide) in paragraph at lines 3171--3172
[][][][][][][][][][][][][][][][][][]  
 []


Overfull \hbox (129.94846pt too wide) in paragraph at lines 3173--3174
[][][][][][][][][][][][][][][][][][][][][]  
 []


Overfull \hbox (62.11365pt too wide) in paragraph at lines 3177--3178
[][][][][][][][][][][][][][][][][]  
 []

[86]
Overfull \hbox (46.01776pt too wide) in paragraph at lines 3193--3194
[][][][][][][][][][][][][][][][][][]  
 []


Overfull \hbox (46.01776pt too wide) in paragraph at lines 3200--3201
[][][][][][][][][][][][][][][][][][]  
 []


Overfull \hbox (5.77695pt too wide) in paragraph at lines 3210--3211
[][][][][][][][][][][][][][][][][][]  
 []


Overfull \hbox (83.95895pt too wide) in paragraph at lines 3213--3214
[][][][][][][][][][][][][][][][][][][][][]  
 []

[87]
Overfull \hbox (5.77695pt too wide) in paragraph at lines 3222--3223
[][][][][][][][][][][][][][][][][][]  
 []


Overfull \hbox (32.22076pt too wide) in paragraph at lines 3226--3227
[][][][][][][][][][][][][][][][][]  
 []

[88] [89] [90] [91] [92] [93] [94] [95] [96] [97] [98] [99] [100] [101]
[102] [103] [104] [105] [106] [107] [108] [109] [110]
Overfull \hbox (2.32788pt too wide) in paragraph at lines 4240--4241
[][][][][][][][][][][][][][][][][][] 
 []


Overfull \hbox (8.07657pt too wide) in paragraph at lines 4241--4242
[][][][][][][][][][][][][][][][][][][][][][][][][][][][][][][][][][][][][][][][
][][] 
 []

[111]
Overfull \hbox (11.52563pt too wide) in paragraph at lines 4287--4288
[][][][][][][][][][][][][][][][][][][][][][][][][] 
 []


Overfull \hbox (27.50166pt too wide) in paragraph at lines 4298--4299
[][][][][][][][][][][][][][][][][][][][][][][][][][][][][][][][][][][][][][][][
][][][][][][][][][][][][][][][][][][][]  
 []

[112]
Overfull \hbox (189.73495pt too wide) in paragraph at lines 4308--4309
[][][][][][][][][][][][][][][][][][][][][][][][][][][][][][][][][][][][][] 
 []


Overfull \hbox (189.73495pt too wide) in paragraph at lines 4310--4311
[][][][][][][][][][][][][][][][][][][][][][][][][][][][][][][][][][][][][] 
 []


Overfull \hbox (189.73495pt too wide) in paragraph at lines 4312--4313
[][][][][][][][][][][][][][][][][][][][][][][][][][][][][][][][][][][][][] 
 []


Overfull \hbox (189.73495pt too wide) in paragraph at lines 4314--4315
[][][][][][][][][][][][][][][][][][][][][][][][][][][][][][][][][][][][][] 
 []

[113] [114] [115] [116] [117] [118]
</home/basedul/Documents/Report-writing-using-latex/ResturentManagementSystemRe
port/signin.png, id=5000, 373.395pt x 309.155pt>
File: /home/basedul/Documents/Report-writing-using-latex/ResturentManagementSys
temReport/signin.png Graphic file (type png)
<use /home/basedul/Documents/Report-writing-using-latex/ResturentManagementSyst
emReport/signin.png>
Package pdftex.def Info: /home/basedul/Documents/Report-writing-using-latex/Res
turentManagementSystemReport/signin.png  used on input line 4604.
(pdftex.def)             Requested size: 436.47156pt x 361.34999pt.
 [119pdfTeX warning (ext4): destination with the same identifier (name{figure.1
2}) has been already used, duplicate ignored

\AtBegShi@Output ...ipout \box \AtBeginShipoutBox 
                                                  \fi \fi 
l.4623 import 
              java.sql.SQLException; </home/basedul/Documents/Report-writing-us
ing-latex/ResturentManagementSystemReport/signin.png>]
Overfull \hbox (20.02826pt too wide) in paragraph at lines 4656--4657
[][][][][][][][][][][]  
 []


Overfull \hbox (23.02301pt too wide) in paragraph at lines 4661--4662
[][][][][][][][][][][][][][][][][][][][][][][][][] 
 []

[120]
Overfull \hbox (30.37546pt too wide) in paragraph at lines 4681--4682
[][][][][][][][][][][]  
 []


Overfull \hbox (36.81927pt too wide) in paragraph at lines 4693--4694
[][][][][][][][][][][][][]  
 []


Overfull \hbox (39.1189pt too wide) in paragraph at lines 4701--4702
[][][][][][][][][][][][][][][][][][][][][][][][][] 
 []

[121]
Overfull \hbox (238.02408pt too wide) in paragraph at lines 4739--4741
[][][][][][][][][][][][][][][][][][][][][][][][][][][][][][][][] 
 []

[122]
Overfull \hbox (46.01776pt too wide) in paragraph at lines 4784--4785
[][][][][][][][][][][][][][][][][][]  
 []


Overfull \hbox (135.69714pt too wide) in paragraph at lines 4786--4787
[][][][][][][][][][][][][][][][][][][][][][] 
 []


Overfull \hbox (171.33871pt too wide) in paragraph at lines 4789--4790
[][][][][][][][][][][][][][][][][][][][][][] 
 []


Overfull \hbox (171.33871pt too wide) in paragraph at lines 4793--4794
[][][][][][][][][][][][][][][][][][][][][][] 
 []

[123]
Overfull \hbox (165.59003pt too wide) in paragraph at lines 4798--4799
[][][][][][][][][][][][][][][][][][][][][]  
 []


Overfull \hbox (109.2526pt too wide) in paragraph at lines 4801--4802
[][][][][][][][][][][][][][][][][][] 
 []


Overfull \hbox (46.01776pt too wide) in paragraph at lines 4811--4812
[][][][][][][][][][][][][][][][][][]  
 []


Overfull \hbox (129.94846pt too wide) in paragraph at lines 4814--4815
[][][][][][][][][][][][][][][][][][][][][]  
 []


Overfull \hbox (124.19977pt too wide) in paragraph at lines 4817--4818
[][][][][][][][][][][][][][][][][][][][][]  
 []


Overfull \hbox (129.94846pt too wide) in paragraph at lines 4825--4826
[][][][][][][][][][][][][][][][][][][][][]  
 []


Overfull \hbox (129.94846pt too wide) in paragraph at lines 4829--4830
[][][][][][][][][][][][][][][][][][][][][]  
 []

[124]
Overfull \hbox (5.77695pt too wide) in paragraph at lines 4838--4839
[][][][][][][][][][][][][][][][][][]  
 []


Overfull \hbox (5.77695pt too wide) in paragraph at lines 4845--4846
[][][][][][][][][][][][][][][][][][]  
 []

[125]
Overfull \hbox (27.50166pt too wide) in paragraph at lines 4881--4882
[][][][][][][][][][][][][][][][][][][][][][][][][][][][][][][][][][][][][][][][
][][][][][][][][][][][][][][][][][][][]  
 []


Overfull \hbox (183.98627pt too wide) in paragraph at lines 4891--4892
[][][][][][][][][][][][][][][][][][][][][][][][][][][][][][][][][][][][][] 
 []


Overfull \hbox (183.98627pt too wide) in paragraph at lines 4893--4894
[][][][][][][][][][][][][][][][][][][][][][][][][][][][][][][][][][][][][] 
 []


Overfull \hbox (183.98627pt too wide) in paragraph at lines 4895--4896
[][][][][][][][][][][][][][][][][][][][][][][][][][][][][][][][][][][][][] 
 []


Overfull \hbox (183.98627pt too wide) in paragraph at lines 4897--4898
[][][][][][][][][][][][][][][][][][][][][][][][][][][][][][][][][][][][][] 
 []

[126]
</home/basedul/Documents/Report-writing-using-latex/ResturentManagementSystemRe
port/signup.png, id=5337, 375.4025pt x 511.9125pt>
File: /home/basedul/Documents/Report-writing-using-latex/ResturentManagementSys
temReport/signup.png Graphic file (type png)
<use /home/basedul/Documents/Report-writing-using-latex/ResturentManagementSyst
emReport/signup.png>
Package pdftex.def Info: /home/basedul/Documents/Report-writing-using-latex/Res
turentManagementSystemReport/signup.png  used on input line 4927.
(pdftex.def)             Requested size: 264.99103pt x 361.34999pt.
 [127pdfTeX warning (ext4): destination with the same identifier (name{figure.1
3}) has been already used, duplicate ignored

\AtBegShi@Output ...ipout \box \AtBeginShipoutBox 
                                                  \fi \fi 
l.4932 		/*
            </home/basedul/Documents/Report-writing-using-latex/ResturentManage
mentSystemReport/signup.png>] [128]
Overfull \hbox (25.32263pt too wide) in paragraph at lines 5020--5021
[][][][][][][][][][][][][][][][][][][][][][][][][][][][]  
 []

[129]
Overfull \hbox (46.01776pt too wide) in paragraph at lines 5033--5034
[][][][][][][][][][][][][][][][][][]  
 []


Overfull \hbox (20.72339pt too wide) in paragraph at lines 5037--5038
[][][][][][][][][][][][][][][][][]  
 []


Overfull \hbox (46.01776pt too wide) in paragraph at lines 5042--5043
[][][][][][][][][][][][][][][][][][]  
 []


Overfull \hbox (129.94846pt too wide) in paragraph at lines 5045--5046
[][][][][][][][][][][][][][][][][][][][][]  
 []

[130]
Overfull \hbox (46.01776pt too wide) in paragraph at lines 5061--5062
[][][][][][][][][][][][][][][][][][]  
 []


Overfull \hbox (20.72339pt too wide) in paragraph at lines 5065--5066
[][][][][][][][][][][][][][][][][]  
 []


Overfull \hbox (46.01776pt too wide) in paragraph at lines 5070--5071
[][][][][][][][][][][][][][][][][][]  
 []


Overfull \hbox (129.94846pt too wide) in paragraph at lines 5073--5074
[][][][][][][][][][][][][][][][][][][][][]  
 []


Overfull \hbox (46.01776pt too wide) in paragraph at lines 5093--5094
[][][][][][][][][][][][][][][][][][]  
 []

[131]
Overfull \hbox (20.72339pt too wide) in paragraph at lines 5097--5098
[][][][][][][][][][][][][][][][][]  
 []


Overfull \hbox (46.01776pt too wide) in paragraph at lines 5102--5103
[][][][][][][][][][][][][][][][][][]  
 []


Overfull \hbox (129.94846pt too wide) in paragraph at lines 5105--5106
[][][][][][][][][][][][][][][][][][][][][]  
 []


Overfull \hbox (46.01776pt too wide) in paragraph at lines 5121--5122
[][][][][][][][][][][][][][][][][][]  
 []


Overfull \hbox (20.72339pt too wide) in paragraph at lines 5125--5126
[][][][][][][][][][][][][][][][][]  
 []


Overfull \hbox (46.01776pt too wide) in paragraph at lines 5130--5131
[][][][][][][][][][][][][][][][][][]  
 []

[132]
Overfull \hbox (124.19977pt too wide) in paragraph at lines 5133--5134
[][][][][][][][][][][][][][][][][][][][][]  
 []


Overfull \hbox (46.01776pt too wide) in paragraph at lines 5147--5148
[][][][][][][][][][][][][][][][][][]  
 []


Overfull \hbox (20.72339pt too wide) in paragraph at lines 5151--5152
[][][][][][][][][][][][][][][][][]  
 []


Overfull \hbox (46.01776pt too wide) in paragraph at lines 5156--5157
[][][][][][][][][][][][][][][][][][]  
 []


Overfull \hbox (129.94846pt too wide) in paragraph at lines 5159--5160
[][][][][][][][][][][][][][][][][][][][][]  
 []

[133]
Overfull \hbox (46.01776pt too wide) in paragraph at lines 5175--5176
[][][][][][][][][][][][][][][][][][]  
 []


Overfull \hbox (26.47208pt too wide) in paragraph at lines 5179--5180
[][][][][][][][][][][][][][][][][][] 
 []


Overfull \hbox (46.01776pt too wide) in paragraph at lines 5184--5185
[][][][][][][][][][][][][][][][][][]  
 []


Overfull \hbox (129.94846pt too wide) in paragraph at lines 5187--5188
[][][][][][][][][][][][][][][][][][][][][]  
 []

[134]
Overfull \hbox (46.01776pt too wide) in paragraph at lines 5226--5227
[][][][][][][][][][][][][][][][][][]  
 []


Overfull \hbox (124.19977pt too wide) in paragraph at lines 5229--5230
[][][][][][][][][][][][][][][][][][][][][]  
 []


Overfull \hbox (171.33871pt too wide) in paragraph at lines 5232--5233
[][][][][][][][][][][][][][][][][][][][][][] 
 []

[135]
Overfull \hbox (171.33871pt too wide) in paragraph at lines 5241--5242
[][][][][][][][][][][][][][][][][][][][][]  
 []


Overfull \hbox (19.57321pt too wide) in paragraph at lines 5242--5243
[][][][][][][][][]  
 []


Overfull \hbox (165.59003pt too wide) in paragraph at lines 5244--5245
[][][][][][][][][][][][][][][][][][][][][]  
 []


Overfull \hbox (109.2526pt too wide) in paragraph at lines 5246--5247
[][][][][][][][][][][][][][][][][][] 
 []


Overfull \hbox (46.01776pt too wide) in paragraph at lines 5254--5255
[][][][][][][][][][][][][][][][][][]  
 []


Overfull \hbox (20.72339pt too wide) in paragraph at lines 5258--5259
[][][][][][][][][][][][][][][][][]  
 []


Overfull \hbox (32.22076pt too wide) in paragraph at lines 5260--5261
[][][][][][][][][][][][][][][][][]  
 []


Overfull \hbox (20.72339pt too wide) in paragraph at lines 5262--5263
[][][][][][][][][][][][][][][][][]  
 []

[136]
Overfull \hbox (26.47208pt too wide) in paragraph at lines 5264--5265
[][][][][][][][][][][][][][][][][][] 
 []


Overfull \hbox (20.72339pt too wide) in paragraph at lines 5266--5267
[][][][][][][][][][][][][][][][][]  
 []


Overfull \hbox (20.72339pt too wide) in paragraph at lines 5268--5269
[][][][][][][][][][][][][][][][][]  
 []


Overfull \hbox (129.94846pt too wide) in paragraph at lines 5269--5270
[][][][][][][][][][][][][][][][][][][][][][] 
 []


Overfull \hbox (129.94846pt too wide) in paragraph at lines 5272--5273
[][][][][][][][][][][][][][][][][][][][][][] 
 []


Overfull \hbox (62.11365pt too wide) in paragraph at lines 5277--5278
[][][][][][][][][][][][][][][][][]  
 []


Overfull \hbox (4.62677pt too wide) in paragraph at lines 5278--5279
[][][][][][][][][][] 
 []


Overfull \hbox (5.77695pt too wide) in paragraph at lines 5285--5286
[][][][][][][][][][][][][][][][][][]  
 []


Overfull \hbox (5.77695pt too wide) in paragraph at lines 5292--5293
[][][][][][][][][][][][][][][][][][]  
 []

[137]
Overfull \hbox (18.87881pt too wide) in paragraph at lines 5301--5302
[][][][][][][][][][][] 
 []


Overfull \hbox (7.38144pt too wide) in paragraph at lines 5305--5307
[][][][][][][][][][][] 
 []


Overfull \hbox (14.97397pt too wide) in paragraph at lines 5329--5330
[][][][][][][][][]  
 []

[138]
Overfull \hbox (113.15598pt too wide) in paragraph at lines 5336--5338
[][][][][][][][][][][]  
 []


Overfull \hbox (102.35373pt too wide) in paragraph at lines 5352--5353
[][][][][][][][][][][][][]  
 []


Overfull \hbox (121.89941pt too wide) in paragraph at lines 5357--5358
[][][][][][][][][][][][][][][][][][][][][][][][][] 
 []

[139]
Overfull \hbox (13.13013pt too wide) in paragraph at lines 5390--5391
[][][][][][][][][][][] 
 []


Overfull \hbox (76.36569pt too wide) in paragraph at lines 5398--5399
[][][][][][][][][][][] 
 []


Overfull \hbox (27.50166pt too wide) in paragraph at lines 5413--5414
[][][][][][][][][][][][][][][][][][][][][][][][][][][][][][][][][][][][][][][][
][][][][][][][][][][][][][][][][][][][]  
 []

[140]
Overfull \hbox (183.98627pt too wide) in paragraph at lines 5423--5424
[][][][][][][][][][][][][][][][][][][][][][][][][][][][][][][][][][][][][] 
 []


Overfull \hbox (183.98627pt too wide) in paragraph at lines 5425--5426
[][][][][][][][][][][][][][][][][][][][][][][][][][][][][][][][][][][][][] 
 []


Overfull \hbox (183.98627pt too wide) in paragraph at lines 5427--5428
[][][][][][][][][][][][][][][][][][][][][][][][][][][][][][][][][][][][][] 
 []


Overfull \hbox (183.98627pt too wide) in paragraph at lines 5429--5430
[][][][][][][][][][][][][][][][][][][][][][][][][][][][][][][][][][][][][] 
 []

[141]
</home/basedul/Documents/Report-writing-using-latex/ResturentManagementSystemRe
port/personalinfo.png, id=5948, 559.08875pt x 480.79625pt>
File: /home/basedul/Documents/Report-writing-using-latex/ResturentManagementSys
temReport/personalinfo.png Graphic file (type png)
<use /home/basedul/Documents/Report-writing-using-latex/ResturentManagementSyst
emReport/personalinfo.png>
Package pdftex.def Info: /home/basedul/Documents/Report-writing-using-latex/Res
turentManagementSystemReport/personalinfo.png  used on input line 5473.
(pdftex.def)             Requested size: 420.20274pt x 361.34999pt.
 [142pdfTeX warning (ext4): destination with the same identifier (name{figure.1
4}) has been already used, duplicate ignored

\AtBegShi@Output ...ipout \box \AtBeginShipoutBox 
                                                  \fi \fi 
l.5481  * 
          and open the template in the editor. </home/basedul/Documents/Report-
writing-using-latex/ResturentManagementSystemReport/personalinfo.png>] [143]
[144] [145]
Overfull \hbox (46.01776pt too wide) in paragraph at lines 5639--5640
[][][][][][][][][][][][][][][][][][]  
 []


Overfull \hbox (124.19977pt too wide) in paragraph at lines 5642--5643
[][][][][][][][][][][][][][][][][][][][][]  
 []


Overfull \hbox (165.59003pt too wide) in paragraph at lines 5644--5645
[][][][][][][][][][][][][][][][][][][][][]  
 []


Overfull \hbox (206.98029pt too wide) in paragraph at lines 5648--5649
[][][][][][][][][][][][][][][][][][][][][]  
 []


Overfull \hbox (3.4766pt too wide) in paragraph at lines 5649--5650
[][][][][][][][][][][]  
 []


Overfull \hbox (43.7174pt too wide) in paragraph at lines 5652--5653
[][][][][][][][][][][][][][][][][][] 
 []


Overfull \hbox (254.11923pt too wide) in paragraph at lines 5653--5654
[][][][][][][][][][][][][][][][][][][][][]  
 []


Overfull \hbox (212.72897pt too wide) in paragraph at lines 5657--5658
[][][][][][][][][][][][][][][][][][][][][][] 
 []

[146]
Overfull \hbox (46.01776pt too wide) in paragraph at lines 5676--5677
[][][][][][][][][][][][][][][][][][]  
 []


Overfull \hbox (129.94846pt too wide) in paragraph at lines 5683--5684
[][][][][][][][][][][][][][][][][][][][][]  
 []


Overfull \hbox (124.19977pt too wide) in paragraph at lines 5687--5688
[][][][][][][][][][][][][][][][][][][][][]  
 []

[147]
Overfull \hbox (129.94846pt too wide) in paragraph at lines 5693--5694
[][][][][][][][][][][][][][][][][][][][][]  
 []


Overfull \hbox (129.94846pt too wide) in paragraph at lines 5697--5698
[][][][][][][][][][][][][][][][][][][][][]  
 []


Overfull \hbox (26.47208pt too wide) in paragraph at lines 5700--5701
[][][][][][][][][][][][][][][][][][] 
 []


Overfull \hbox (5.77695pt too wide) in paragraph at lines 5708--5709
[][][][][][][][][][][][][][][][][][]  
 []


Overfull \hbox (5.77695pt too wide) in paragraph at lines 5715--5716
[][][][][][][][][][][][][][][][][][]  
 []

[148] [149] [150]
Overfull \hbox (23.02301pt too wide) in paragraph at lines 5818--5819
[][][][][][][][][][][][][][][][][][][][][][][][][] 
 []


Overfull \hbox (27.50166pt too wide) in paragraph at lines 5829--5830
[][][][][][][][][][][][][][][][][][][][][][][][][][][][][][][][][][][][][][][][
][][][][][][][][][][][][][][][][][][][]  
 []


Overfull \hbox (264.4679pt too wide) in paragraph at lines 5839--5840
[][][][][][][][][][][][][][][][][][][][][][][][][][][][][][][][][][][][][] 
 []


Overfull \hbox (264.4679pt too wide) in paragraph at lines 5841--5842
[][][][][][][][][][][][][][][][][][][][][][][][][][][][][][][][][][][][][] 
 []


Overfull \hbox (264.4679pt too wide) in paragraph at lines 5843--5844
[][][][][][][][][][][][][][][][][][][][][][][][][][][][][][][][][][][][][] 
 []


Overfull \hbox (264.4679pt too wide) in paragraph at lines 5845--5846
[][][][][][][][][][][][][][][][][][][][][][][][][][][][][][][][][][][][][] 
 []

[151] [152]
Overfull \hbox (17.27432pt too wide) in paragraph at lines 5900--5901
[][][][][][][][][][][][][][][][][][][][][][][][][] 
 []

</home/basedul/Documents/Report-writing-using-latex/ResturentManagementSystemRe
port/add.png, id=6428, 533.995pt x 454.69875pt>
File: /home/basedul/Documents/Report-writing-using-latex/ResturentManagementSys
temReport/add.png Graphic file (type png)
<use /home/basedul/Documents/Report-writing-using-latex/ResturentManagementSyst
emReport/add.png>
Package pdftex.def Info: /home/basedul/Documents/Report-writing-using-latex/Res
turentManagementSystemReport/add.png  used on input line 5912.
(pdftex.def)             Requested size: 424.36919pt x 361.34999pt.
[153pdfTeX warning (ext4): destination with the same identifier (name{figure.15
}) has been already used, duplicate ignored

\AtBegShi@Output ...ipout \box \AtBeginShipoutBox 
                                                  \fi \fi 
l.5921  */
           </home/basedul/Documents/Report-writing-using-latex/ResturentManagem
entSystemReport/add.png>] [154]
Overfull \hbox (5.77695pt too wide) in paragraph at lines 5998--5999
[][][][][][][][][][][][][][][][][][]  
 []


Overfull \hbox (95.45633pt too wide) in paragraph at lines 6000--6001
[][][][][][][][][][][][][][][][][][][][][][] 
 []


Overfull \hbox (125.34921pt too wide) in paragraph at lines 6003--6004
[][][][][][][][][][][][][][][][][][][][][]  
 []


Overfull \hbox (131.0979pt too wide) in paragraph at lines 6008--6009
[][][][][][][][][][][][][][][][][][][][][][] 
 []

[155]
Overfull \hbox (67.86234pt too wide) in paragraph at lines 6016--6017
[][][][][][][][][][][][][][][][][][] 
 []


Overfull \hbox (5.77695pt too wide) in paragraph at lines 6022--6023
[][][][][][][][][][][][][][][][][][]  
 []


Overfull \hbox (89.70764pt too wide) in paragraph at lines 6027--6028
[][][][][][][][][][][][][][][][][][][][][]  
 []


Overfull \hbox (83.95895pt too wide) in paragraph at lines 6031--6032
[][][][][][][][][][][][][][][][][][][][][]  
 []


Overfull \hbox (83.95895pt too wide) in paragraph at lines 6035--6036
[][][][][][][][][][][][][][][][][][][][][]  
 []


Overfull \hbox (83.95895pt too wide) in paragraph at lines 6038--6039
[][][][][][][][][][][][][][][][][][][][][]  
 []

[156]
Overfull \hbox (51.07059pt too wide) in paragraph at lines 6075--6077
[][][][][][][][][][][]  
 []


Overfull \hbox (34.51965pt too wide) in paragraph at lines 6086--6087
[][][][][][][][][][][][][]  
 []

[157]
Overfull \hbox (59.81403pt too wide) in paragraph at lines 6091--6092
[][][][][][][][][][][][][][][][][][][][][][][][][] 
 []


Overfull \hbox (27.50166pt too wide) in paragraph at lines 6123--6124
[][][][][][][][][][][][][][][][][][][][][][][][][][][][][][][][][][][][][][][][
][][][][][][][][][][][][][][][][][][][]  
 []

[158]
Overfull \hbox (178.23758pt too wide) in paragraph at lines 6133--6134
[][][][][][][][][][][][][][][][][][][][][][][][][][][][][][][][][][][][][] 
 []


Overfull \hbox (178.23758pt too wide) in paragraph at lines 6135--6136
[][][][][][][][][][][][][][][][][][][][][][][][][][][][][][][][][][][][][] 
 []


Overfull \hbox (178.23758pt too wide) in paragraph at lines 6137--6138
[][][][][][][][][][][][][][][][][][][][][][][][][][][][][][][][][][][][][] 
 []


Overfull \hbox (178.23758pt too wide) in paragraph at lines 6139--6140
[][][][][][][][][][][][][][][][][][][][][][][][][][][][][][][][][][][][][] 
 []

(/usr/share/texlive/texmf-dist/tex/latex/listings/lstlang1.sty
File: lstlang1.sty 2015/06/04 1.6 listings language file
)
LaTeX Font Info:    Font shape `OT1/cmtt/bx/n' in size <17.28> not available
(Font)              Font shape `OT1/cmtt/m/n' tried instead on input line 6176.

 [159] [160]
[161] [162]
Overfull \hbox (3.96994pt too wide) in paragraph at lines 6278--6281
\OT1/cmr/bx/n/17.28 men-ta-tion, a JavaDoc tool was used to gen-er-ate HTML
 []


Overfull \hbox (1.15968pt too wide) in paragraph at lines 6278--6281
\OT1/cmr/bx/n/17.28 API doc-u-men-ta-tion of the project. The JavaDoc could
 []

[163]
Overfull \hbox (2.68597pt too wide) in paragraph at lines 6289--6291
\OT1/cmr/bx/n/17.28 This chap-ter has dis-cussed the in-ter-est-ing as-pects fr
om
 []

[164] [165]
Overfull \hbox (8.13179pt too wide) in paragraph at lines 6326--6331
\OT1/cmr/bx/n/17.28 quired good time keep-ing and man-age-ment of the work-
 []

[166]
LaTeX Font Info:    Font shape `OMS/cmr/bx/n' in size <17.28> not available
(Font)              Font shape `OMS/cmsy/b/n' tried instead on input line 6332.


Overfull \hbox (1.65062pt too wide) in paragraph at lines 6333--6334
[]\OT1/cmr/bx/n/17.28 Relational database schema de-sign and trig-ger cod-
 []

[167] (./MainFile.bbl
LaTeX Font Info:    External font `cmex10' loaded for size
(Font)              <17.28> on input line 28.

Underfull \hbox (badness 1014) in paragraph at lines 50--53
\OT1/cmr/bx/n/17.28 on 2 April, 2010. [On-line]. Avail-
 []


Underfull \hbox (badness 1629) in paragraph at lines 50--53
\OT1/cmr/bx/n/17.28 able: []$http : / / www . businessdictionary . com /
 []

)
Package atveryend Info: Empty hook `BeforeClearDocument' on input line 6345.
 [168]
Package atveryend Info: Empty hook `AfterLastShipout' on input line 6345.
 (./MainFile.aux)
Package atveryend Info: Executing hook `AtVeryEndDocument' on input line 6345.
Package atveryend Info: Executing hook `AtEndAfterFileList' on input line 6345.

Package rerunfilecheck Info: File `MainFile.out' has not changed.
(rerunfilecheck)             Checksum: 5A8DBD0FE7FFFD9EBF5D6A01A1772CB1;4398.
Package atveryend Info: Empty hook `AtVeryVeryEnd' on input line 6345.
 ) 
Here is how much of TeX's memory you used:
 14214 strings out of 492982
 224584 string characters out of 6134896
 375750 words of memory out of 5000000
 11797 multiletter control sequences out of 15000+600000
 11257 words of font info for 40 fonts, out of 8000000 for 9000
 1141 hyphenation exceptions out of 8191
 28i,9n,42p,769b,1935s stack positions out of 5000i,500n,10000p,200000b,80000s
</usr/share/texlive/texmf-dist/fonts/type1/public/amsfonts/cm/cmbsy10.pfb></u
sr/share/texlive/texmf-dist/fonts/type1/public/amsfonts/cm/cmbx12.pfb></usr/sha
re/texlive/texmf-dist/fonts/type1/public/amsfonts/cm/cmcsc10.pfb></usr/share/te
xlive/texmf-dist/fonts/type1/public/amsfonts/cm/cmr12.pfb></usr/share/texlive/t
exmf-dist/fonts/type1/public/amsfonts/cm/cmr6.pfb></usr/share/texlive/texmf-dis
t/fonts/type1/public/amsfonts/cm/cmsy10.pfb></usr/share/texlive/texmf-dist/font
s/type1/public/amsfonts/cm/cmti12.pfb></usr/share/texlive/texmf-dist/fonts/type
1/public/amsfonts/cm/cmtt10.pfb></usr/share/texlive/texmf-dist/fonts/type1/publ
ic/amsfonts/cm/cmtt12.pfb>
Output written on MainFile.pdf (172 pages, 948340 bytes).
PDF statistics:
 8103 PDF objects out of 8907 (max. 8388607)
 7812 compressed objects within 79 object streams
 5904 named destinations out of 6186 (max. 500000)
 588 words of extra memory for PDF output out of 10000 (max. 10000000)

