\BOOKMARK [1][-]{section.1}{INTODUCTION}{}% 1
\BOOKMARK [2][-]{subsection.1.1}{EXISTING SYSTEM}{section.1}% 2
\BOOKMARK [3][-]{subsubsection.1.1.1}{DISADVANTAGES OF EXISTING SYSTEM}{subsection.1.1}% 3
\BOOKMARK [2][-]{subsection.1.2}{PROPOSED SYSTEM}{section.1}% 4
\BOOKMARK [3][-]{subsubsection.1.2.1}{ADVANTAGES OF PROPOSED SYSTEM}{subsection.1.2}% 5
\BOOKMARK [2][-]{subsection.1.3}{MODULES}{section.1}% 6
\BOOKMARK [3][-]{subsubsection.1.3.1}{MODULES DESCRIPTION}{subsection.1.3}% 7
\BOOKMARK [2][-]{subsection.1.4}{Summary of Chapeters}{section.1}% 8
\BOOKMARK [2][-]{subsection.1.5}{Closing Remarks}{section.1}% 9
\BOOKMARK [1][-]{section.2}{Chapter Two}{}% 10
\BOOKMARK [2][-]{subsection.2.1}{Chapter Overview}{section.2}% 11
\BOOKMARK [2][-]{subsection.2.2}{Point-of-Sale \(POS\) Systems}{section.2}% 12
\BOOKMARK [2][-]{subsection.2.3}{Platform Choice}{section.2}% 13
\BOOKMARK [2][-]{subsection.2.4}{UML}{section.2}% 14
\BOOKMARK [2][-]{subsection.2.5}{Software Choice}{section.2}% 15
\BOOKMARK [2][-]{subsection.2.6}{Requirement Gathering}{section.2}% 16
\BOOKMARK [2][-]{subsection.2.7}{Development Methodology}{section.2}% 17
\BOOKMARK [3][-]{subsubsection.2.7.1}{}{subsection.2.7}% 18
\BOOKMARK [2][-]{subsection.2.8}{Chapter Summary}{section.2}% 19
\BOOKMARK [1][-]{section.3}{Chapter Three}{}% 20
\BOOKMARK [2][-]{subsection.3.1}{Chapter Overview}{section.3}% 21
\BOOKMARK [2][-]{subsection.3.2}{Stakeholder Identification}{section.3}% 22
\BOOKMARK [2][-]{subsection.3.3}{Use Cases}{section.3}% 23
\BOOKMARK [2][-]{subsection.3.4}{Features}{section.3}% 24
\BOOKMARK [2][-]{subsection.3.5}{Measureable Goals and Requirements}{section.3}% 25
\BOOKMARK [2][-]{subsection.3.6}{Chapter Summary}{section.3}% 26
\BOOKMARK [1][-]{section.4}{Chapter Four}{}% 27
\BOOKMARK [2][-]{subsection.4.1}{Chapter Overview}{section.4}% 28
\BOOKMARK [2][-]{subsection.4.2}{Introduction}{section.4}% 29
\BOOKMARK [2][-]{subsection.4.3}{Component Diagram}{section.4}% 30
\BOOKMARK [2][-]{subsection.4.4}{Data Storage}{section.4}% 31
\BOOKMARK [3][-]{subsubsection.4.4.1}{Relational Database Management System \(RDBMS\)}{subsection.4.4}% 32
\BOOKMARK [3][-]{subsubsection.4.4.2}{Extensible Markup Language \(XML\)}{subsection.4.4}% 33
\BOOKMARK [3][-]{subsubsection.4.4.3}{Storage Method Chosen}{subsection.4.4}% 34
\BOOKMARK [3][-]{subsubsection.4.4.4}{Normalisation}{subsection.4.4}% 35
\BOOKMARK [3][-]{subsubsection.4.4.5}{Entity Relationship Diagram}{subsection.4.4}% 36
\BOOKMARK [2][-]{subsection.4.5}{Flow Charts}{section.4}% 37
\BOOKMARK [2][-]{subsection.4.6}{Chapter Summary}{section.4}% 38
