\BOOKMARK [1][-]{section.1}{Introduction}{}% 1
\BOOKMARK [2][-]{subsection.1.1}{The problem}{section.1}% 2
\BOOKMARK [2][-]{subsection.1.2}{Project objectves}{section.1}% 3
\BOOKMARK [2][-]{subsection.1.3}{Project requirements analysis}{section.1}% 4
\BOOKMARK [3][-]{subsubsection.1.3.1}{Requirements analysis}{subsection.1.3}% 5
\BOOKMARK [2][-]{subsection.1.4}{Project deliverables}{section.1}% 6
\BOOKMARK [1][-]{section.2}{Technological background}{}% 7
\BOOKMARK [2][-]{subsection.2.1}{Implementation process}{section.2}% 8
\BOOKMARK [2][-]{subsection.2.2}{Tools and technologies}{section.2}% 9
\BOOKMARK [3][-]{subsubsection.2.2.1}{MySQL database}{subsection.2.2}% 10
\BOOKMARK [3][-]{subsubsection.2.2.2}{PHP}{subsection.2.2}% 11
\BOOKMARK [3][-]{subsubsection.2.2.3}{HTML}{subsection.2.2}% 12
\BOOKMARK [3][-]{subsubsection.2.2.4}{CSS}{subsection.2.2}% 13
\BOOKMARK [3][-]{subsubsection.2.2.5}{JavaScript}{subsection.2.2}% 14
\BOOKMARK [3][-]{subsubsection.2.2.6}{Apache server}{subsection.2.2}% 15
\BOOKMARK [3][-]{subsubsection.2.2.7}{Visual Studio Code}{subsection.2.2}% 16
\BOOKMARK [2][-]{subsection.2.3}{Chapter Summary}{section.2}% 17
\BOOKMARK [1][-]{section.3}{System design}{}% 18
\BOOKMARK [2][-]{subsection.3.1}{Architectural design}{section.3}% 19
\BOOKMARK [2][-]{subsection.3.2}{Database diagram}{section.3}% 20
\BOOKMARK [3][-]{subsubsection.3.2.1}{Entity diagram}{subsection.3.2}% 21
\BOOKMARK [3][-]{subsubsection.3.2.2}{E-R diagram}{subsection.3.2}% 22
\BOOKMARK [3][-]{subsubsection.3.2.3}{Landlords}{subsection.3.2}% 23
\BOOKMARK [3][-]{subsubsection.3.2.4}{Rent Seekers}{subsection.3.2}% 24
\BOOKMARK [2][-]{subsection.3.3}{Incremental Model}{section.3}% 25
\BOOKMARK [2][-]{subsection.3.4}{Database schema}{section.3}% 26
\BOOKMARK [3][-]{subsubsection.3.4.1}{Database tables structures}{subsection.3.4}% 27
\BOOKMARK [2][-]{subsection.3.5}{Chapter Summary}{section.3}% 28
\BOOKMARK [1][-]{section.4}{Implementation \046 Testing}{}% 29
\BOOKMARK [2][-]{subsection.4.1}{Chapter overview}{section.4}% 30
\BOOKMARK [2][-]{subsection.4.2}{User Module}{section.4}% 31
\BOOKMARK [3][-]{subsubsection.4.2.1}{User Interface}{subsection.4.2}% 32
\BOOKMARK [3][-]{subsubsection.4.2.2}{Results of Search feature}{subsection.4.2}% 33
\BOOKMARK [3][-]{subsubsection.4.2.3}{Goggle Map}{subsection.4.2}% 34
\BOOKMARK [2][-]{subsection.4.3}{Test Case}{section.4}% 35
\BOOKMARK [2][-]{subsection.4.4}{Version Control}{section.4}% 36
\BOOKMARK [2][-]{subsection.4.5}{Code Documentation}{section.4}% 37
\BOOKMARK [2][-]{subsection.4.6}{Chapter summary}{section.4}% 38
\BOOKMARK [1][-]{subsection.4.6}{Conclusion}{}% 39
\BOOKMARK [1][-]{subsection.4.6}{References}{}% 40
\BOOKMARK [1][-]{subsection.4.6}{Acknowledgement}{}% 41
